\BOOKMARK [0][-]{chapter*.1}{Abstract}{}% 1
\BOOKMARK [0][-]{chapter*.2}{Acknowledgements}{}% 2
\BOOKMARK [0][-]{chapter*.3}{Papers}{}% 3
\BOOKMARK [0][-]{chapter*.6}{List of Figures}{}% 4
\BOOKMARK [0][-]{chapter*.7}{List of Tables}{}% 5
\BOOKMARK [0][-]{chapter*.9}{Introduction}{}% 6
\BOOKMARK [0][-]{chapter.1}{Physics: Scaling Cell-Based Assays}{}% 7
\BOOKMARK [1][-]{section.1.1}{Laminar Flow: Channel Washing and Treatments}{chapter.1}% 8
\BOOKMARK [1][-]{section.1.2}{Evaporation: Theory and Implications}{chapter.1}% 9
\BOOKMARK [1][-]{section.1.3}{Reduced Volumes: The Promise of Microfluidics}{chapter.1}% 10
\BOOKMARK [1][-]{section.1.4}{Diffusion: Soluble Factor Signaling and Co-culture}{chapter.1}% 11
\BOOKMARK [2][-]{subsection.1.4.1}{Transport}{section.1.4}% 12
\BOOKMARK [2][-]{subsection.1.4.2}{Local Culture Environment}{section.1.4}% 13
\BOOKMARK [2][-]{subsection.1.4.3}{Co-culture Timescales}{section.1.4}% 14
\BOOKMARK [2][-]{subsection.1.4.4}{Other Microenvironmental Considerations}{section.1.4}% 15
\BOOKMARK [2][-]{subsection.1.4.5}{Conclusions}{section.1.4}% 16
\BOOKMARK [0][-]{chapter.2}{Components: `The Flux Capacitor' for Pipete-Based Laminar Flow Patterning}{}% 17
\BOOKMARK [1][-]{section.2.1}{Preface}{chapter.2}% 18
\BOOKMARK [1][-]{section.2.2}{Introduction}{chapter.2}% 19
\BOOKMARK [1][-]{section.2.3}{Methods}{chapter.2}% 20
\BOOKMARK [2][-]{subsection.2.3.1}{Numerical Simulations}{section.2.3}% 21
\BOOKMARK [2][-]{subsection.2.3.2}{Device Fabrication}{section.2.3}% 22
\BOOKMARK [2][-]{subsection.2.3.3}{Device Characterization}{section.2.3}% 23
\BOOKMARK [2][-]{subsection.2.3.4}{Cell culture}{section.2.3}% 24
\BOOKMARK [2][-]{subsection.2.3.5}{Cell patterning}{section.2.3}% 25
\BOOKMARK [1][-]{section.2.4}{Results and Discussion}{chapter.2}% 26
\BOOKMARK [2][-]{subsection.2.4.1}{Demonstration of Laminar Flow Patterning}{section.2.4}% 27
\BOOKMARK [2][-]{subsection.2.4.2}{Analysis of Each Device Component}{section.2.4}% 28
\BOOKMARK [2][-]{subsection.2.4.3}{Patterning of More Than Two Streams}{section.2.4}% 29
\BOOKMARK [2][-]{subsection.2.4.4}{Patterning for Cell-Based Assays}{section.2.4}% 30
\BOOKMARK [1][-]{section.2.5}{Conclusions}{chapter.2}% 31
\BOOKMARK [1][-]{section.2.6}{Acknowledgements}{chapter.2}% 32
\BOOKMARK [0][-]{chapter.3}{Components: `The Concentrator' for Rare Cell Populations}{}% 33
\BOOKMARK [1][-]{section.3.1}{Preface}{chapter.3}% 34
\BOOKMARK [1][-]{section.3.2}{Introduction}{chapter.3}% 35
\BOOKMARK [1][-]{section.3.3}{Experimental}{chapter.3}% 36
\BOOKMARK [2][-]{subsection.3.3.1}{Device Design}{section.3.3}% 37
\BOOKMARK [2][-]{subsection.3.3.2}{Device Fabrication and Preparation}{section.3.3}% 38
\BOOKMARK [2][-]{subsection.3.3.3}{Cell Culture}{section.3.3}% 39
\BOOKMARK [2][-]{subsection.3.3.4}{Fluid Modeling}{section.3.3}% 40
\BOOKMARK [1][-]{section.3.4}{Results and Discussion}{chapter.3}% 41
\BOOKMARK [2][-]{subsection.3.4.1}{Dimensional Analysis of Cell Collection}{section.3.4}% 42
\BOOKMARK [2][-]{subsection.3.4.2}{Cell Collection}{section.3.4}% 43
\BOOKMARK [2][-]{subsection.3.4.3}{Cell Loss}{section.3.4}% 44
\BOOKMARK [2][-]{subsection.3.4.4}{In-Channel Cell Treatment}{section.3.4}% 45
\BOOKMARK [2][-]{subsection.3.4.5}{Cell Culture}{section.3.4}% 46
\BOOKMARK [1][-]{section.3.5}{Conclusions}{chapter.3}% 47
\BOOKMARK [1][-]{section.3.6}{Acknowledgement}{chapter.3}% 48
\BOOKMARK [0][-]{chapter.4}{Components: `The Oscillator' for Adhesion and Shear-Stress Assays}{}% 49
\BOOKMARK [1][-]{section.4.1}{Preface}{chapter.4}% 50
\BOOKMARK [1][-]{section.4.2}{Introduction}{chapter.4}% 51
\BOOKMARK [1][-]{section.4.3}{Approach}{chapter.4}% 52
\BOOKMARK [1][-]{section.4.4}{Characterization and Discussion}{chapter.4}% 53
\BOOKMARK [2][-]{subsection.4.4.1}{Actuator Response}{section.4.4}% 54
\BOOKMARK [2][-]{subsection.4.4.2}{Shear-Stress Response}{section.4.4}% 55
\BOOKMARK [1][-]{section.4.5}{Methods}{chapter.4}% 56
\BOOKMARK [2][-]{subsection.4.5.1}{Actuator Motion Measurements}{section.4.5}% 57
\BOOKMARK [2][-]{subsection.4.5.2}{Fluid Flow Modeling and Shear-Stress Estimation}{section.4.5}% 58
\BOOKMARK [2][-]{subsection.4.5.3}{Device Setup}{section.4.5}% 59
\BOOKMARK [1][-]{section.4.6}{Other Potential Applications}{chapter.4}% 60
\BOOKMARK [1][-]{section.4.7}{Conclusions}{chapter.4}% 61
\BOOKMARK [0][-]{chapter.5}{Assays: Cell Adhesion Assay Validation: Tumor-Cell Adhesion to a HUVEC Monolayer}{}% 62
\BOOKMARK [1][-]{section.5.1}{Preface}{chapter.5}% 63
\BOOKMARK [1][-]{section.5.2}{Introduction}{chapter.5}% 64
\BOOKMARK [1][-]{section.5.3}{Results and Discussion}{chapter.5}% 65
\BOOKMARK [2][-]{subsection.5.3.1}{System Design and Operation}{section.5.3}% 66
\BOOKMARK [2][-]{subsection.5.3.2}{Adhesion Assay via Image Differencing}{section.5.3}% 67
\BOOKMARK [2][-]{subsection.5.3.3}{Cancer cell adhesion}{section.5.3}% 68
\BOOKMARK [1][-]{section.5.4}{Conclusion}{chapter.5}% 69
\BOOKMARK [1][-]{section.5.5}{Materials and Methods}{chapter.5}% 70
\BOOKMARK [2][-]{subsection.5.5.1}{Cell Culture}{section.5.5}% 71
\BOOKMARK [2][-]{subsection.5.5.2}{Immunostaining and HUVEC activation}{section.5.5}% 72
\BOOKMARK [2][-]{subsection.5.5.3}{Image Capture and Analysis}{section.5.5}% 73
\BOOKMARK [2][-]{subsection.5.5.4}{Statistical Analyses}{section.5.5}% 74
\BOOKMARK [0][-]{chapter.6}{Assays: Bone Marrow Mesenchymal Stem Cell Adhesion to ECM Produced by Cardiac Fibroblasts: An In Vitro Model for Developing Cell-Based Therapies for the Heart}{}% 75
\BOOKMARK [1][-]{section.6.1}{Preface}{chapter.6}% 76
\BOOKMARK [1][-]{section.6.2}{Introduction}{chapter.6}% 77
\BOOKMARK [1][-]{section.6.3}{Results}{chapter.6}% 78
\BOOKMARK [2][-]{subsection.6.3.1}{Modeling Different Phases of Healing}{section.6.3}% 79
\BOOKMARK [2][-]{subsection.6.3.2}{Model 1: Post Myocyte Death}{section.6.3}% 80
\BOOKMARK [2][-]{subsection.6.3.3}{Model 2: Post Removal of Cell Debris}{section.6.3}% 81
\BOOKMARK [2][-]{subsection.6.3.4}{Model 3: Scar Formation and Late-Stage Healing}{section.6.3}% 82
\BOOKMARK [2][-]{subsection.6.3.5}{BMSC Adhesion}{section.6.3}% 83
\BOOKMARK [2][-]{subsection.6.3.6}{Increased Attachment via Antibody Tethering}{section.6.3}% 84
\BOOKMARK [1][-]{section.6.4}{Additional Adhesion Comparisons}{chapter.6}% 85
\BOOKMARK [1][-]{section.6.5}{Discussion and Conclusion}{chapter.6}% 86
\BOOKMARK [1][-]{section.6.6}{Methods}{chapter.6}% 87
\BOOKMARK [2][-]{subsection.6.6.1}{PAA Lysis}{section.6.6}% 88
\BOOKMARK [2][-]{subsection.6.6.2}{AH Lysis}{section.6.6}% 89
\BOOKMARK [2][-]{subsection.6.6.3}{CF Isolation and Culture}{section.6.6}% 90
\BOOKMARK [2][-]{subsection.6.6.4}{BMSC Isolation and Culture}{section.6.6}% 91
\BOOKMARK [2][-]{subsection.6.6.5}{Adhesion Assay}{section.6.6}% 92
\BOOKMARK [0][-]{chapter.7}{Assays: A Passive Microfluidic Real-Time Conditioned Media Assay}{}% 93
\BOOKMARK [1][-]{section.7.1}{Preface}{chapter.7}% 94
\BOOKMARK [1][-]{section.7.2}{Introduction}{chapter.7}% 95
\BOOKMARK [1][-]{section.7.3}{The Diffusion Valve}{chapter.7}% 96
\BOOKMARK [1][-]{section.7.4}{Slow-Flow Pump}{chapter.7}% 97
\BOOKMARK [1][-]{section.7.5}{Evaporation-Driven Slow Flow}{chapter.7}% 98
\BOOKMARK [1][-]{section.7.6}{Gravity-Driven Slow Flow}{chapter.7}% 99
\BOOKMARK [1][-]{section.7.7}{A Limitation of Using Open Microfluidic Ports}{chapter.7}% 100
\BOOKMARK [1][-]{section.7.8}{Alternative Approaches for the Future}{chapter.7}% 101
\BOOKMARK [0][-]{chapter.8}{Future Directions}{}% 102
\BOOKMARK [1][-]{section.8.1}{The Multi-Step Invasion Assay}{chapter.8}% 103
\BOOKMARK [1][-]{section.8.2}{BeadSpot Assay for Targeted Detection of Cell Secretions}{chapter.8}% 104
\BOOKMARK [1][-]{section.8.3}{3-D Invasion Assays}{chapter.8}% 105
\BOOKMARK [0][-]{chapter*.89}{Conclusion}{}% 106
\BOOKMARK [0][-]{appendix.A}{Droplet Geometry}{}% 107
\BOOKMARK [1][-]{section.A.1}{Radius of Curvature, Ri and Ri}{appendix.A}% 108
\BOOKMARK [1][-]{section.A.2}{Height, Hi and Hi}{appendix.A}% 109
\BOOKMARK [1][-]{section.A.3}{Contact Angle, theta}{appendix.A}% 110
\BOOKMARK [1][-]{section.A.4}{Volume, Vi and Vi}{appendix.A}% 111
\BOOKMARK [1][-]{section.A.5}{Location of Center of Radius of Curvature, Ci and Ci}{appendix.A}% 112
\BOOKMARK [0][-]{appendix.B}{Diffusion Modeling}{}% 113
\BOOKMARK [1][-]{section.B.1}{PDGF Modeling}{appendix.B}% 114
\BOOKMARK [1][-]{section.B.2}{EGF Modeling}{appendix.B}% 115
\BOOKMARK [0][-]{appendix.C}{Concentrator: Additional Information}{}% 116
\BOOKMARK [1][-]{section.C.1}{Estimation of Cell Number Limit}{appendix.C}% 117
\BOOKMARK [1][-]{section.C.2}{Initial Design Approach for Concentrator Design}{appendix.C}% 118
\BOOKMARK [1][-]{section.C.3}{Cell Loss Modeling}{appendix.C}% 119
\BOOKMARK [1][-]{section.C.4}{Experimental Calculation of tset tres}{appendix.C}% 120
\BOOKMARK [0][-]{appendix.D}{Oscillatory Flow}{}% 121
\BOOKMARK [1][-]{section.D.1}{Steady Laminar Flow Between Parallel Plates}{appendix.D}% 122
\BOOKMARK [1][-]{section.D.2}{Oscillatory, Non-Turbulent Flow Between Parallel Plates}{appendix.D}% 123
\BOOKMARK [1][-]{section.D.3}{Steady Flow in a Rectangular Duct}{appendix.D}% 124
\BOOKMARK [1][-]{section.D.4}{Shear Stress from Amplitude}{appendix.D}% 125
\BOOKMARK [1][-]{section.D.5}{Units and Conversions}{appendix.D}% 126
\BOOKMARK [1][-]{section.D.6}{Matlab Code}{appendix.D}% 127
\BOOKMARK [0][-]{appendix.E}{Diffusion Valve}{}% 128
\BOOKMARK [0][-]{appendix.F}{Cardiac Disease}{}% 129
\BOOKMARK [1][-]{section.F.1}{Outline of Background Information and Motivation}{appendix.F}% 130
\BOOKMARK [1][-]{section.F.2}{Mass Spectrometry Data}{appendix.F}% 131
\BOOKMARK [0][-]{appendix.G}{Real-Time Conditioned Media Assay}{}% 132
\BOOKMARK [1][-]{section.G.1}{Passive Methods for Producing Slow Flow in Microchannels}{appendix.G}% 133
\BOOKMARK [2][-]{subsection.G.1.1}{Device Designs}{section.G.1}% 134
\BOOKMARK [2][-]{subsection.G.1.2}{Methods}{section.G.1}% 135
\BOOKMARK [2][-]{subsection.G.1.3}{Preliminary Results}{section.G.1}% 136
\BOOKMARK [2][-]{subsection.G.1.4}{Expected Challenges}{section.G.1}% 137
\BOOKMARK [1][-]{section.G.2}{Cross Flow in the Diffusion Region}{appendix.G}% 138
\BOOKMARK [1][-]{section.G.3}{Peclet Ratio}{appendix.G}% 139
\BOOKMARK [0][-]{appendix*.112}{Bibliography}{}% 140
